Build started 5/5/2017 3:27:40 PM.
     1>Project "C:\Users\Muhammad Asif\Desktop\Paint Project\Paint Project.vcxproj" on node 2 (build target(s)).
       Project file contains ToolsVersion="12.0". This toolset may be unknown or missing, in which case you may be able to resolve this by installing the appropriate version of MSBuild, or the build may have been forced to a particular ToolsVersion for policy reasons. Treating the project as if it had ToolsVersion="4.0". For more information, please see http://go.microsoft.com/fwlink/?LinkId=291333.
     1>InitializeBuildStatus:
         Creating "Debug\Paint Project.unsuccessfulbuild" because "AlwaysCreate" was specified.
       ClCompile:
         C:\Program Files (x86)\Microsoft Visual Studio 10.0\VC\bin\CL.exe /c /ZI /nologo /W3 /WX- /Od /Oy- /D WIN32 /D _DEBUG /D _WINDOWS /D _CRT_SECURE_NO_WARNINGS /D _MBCS /Gm /EHsc /RTC1 /MDd /GS /fp:precise /Zc:wchar_t /Zc:forScope /Fo"Debug\\" /Fd"Debug\vc100.pdb" /Gd /TP /analyze- /errorReport:prompt driver.cpp
         driver.cpp
     1>c:\users\muhammad asif\desktop\paint project\driver.cpp(471): warning C4018: '<' : signed/unsigned mismatch
         All outputs are up-to-date.
       ManifestResourceCompile:
         All outputs are up-to-date.
       Link:
         C:\Program Files (x86)\Microsoft Visual Studio 10.0\VC\bin\link.exe /ERRORREPORT:PROMPT /OUT:"C:\Users\Muhammad Asif\Desktop\Paint Project\Debug\Paint Project.exe" /INCREMENTAL /NOLOGO kernel32.lib user32.lib gdi32.lib winspool.lib comdlg32.lib advapi32.lib shell32.lib ole32.lib oleaut32.lib uuid.lib odbc32.lib odbccp32.lib /MANIFEST /ManifestFile:"Debug\Paint Project.exe.intermediate.manifest" /MANIFESTUAC:"level='asInvoker' uiAccess='false'" /DEBUG /PDB:"C:\Users\Muhammad Asif\Desktop\Paint Project\Debug\Paint Project.pdb" /SUBSYSTEM:WINDOWS /TLBID:1 /DYNAMICBASE /NXCOMPAT /IMPLIB:"C:\Users\Muhammad Asif\Desktop\Paint Project\Debug\Paint Project.lib" /MACHINE:X86 "Debug\Paint Project.exe.embed.manifest.res"
         Debug\Circle.obj
         Debug\Curve.obj
         Debug\driver.obj
         Debug\GP142.obj
         Debug\Line.obj
         Debug\PPolygon.obj
         Debug\RRectangle.obj
         Debug\Text.obj
       Manifest:
         C:\Program Files (x86)\Microsoft SDKs\Windows\v7.0A\bin\mt.exe /nologo /verbose /out:"Debug\Paint Project.exe.embed.manifest" /manifest "Debug\Paint Project.exe.intermediate.manifest"
         All outputs are up-to-date.
       LinkEmbedManifest:
         All outputs are up-to-date.
         Paint Project.vcxproj -> C:\Users\Muhammad Asif\Desktop\Paint Project\Debug\Paint Project.exe
       FinalizeBuildStatus:
         Deleting file "Debug\Paint Project.unsuccessfulbuild".
         Touching "Debug\Paint Project.lastbuildstate".
     1>Done Building Project "C:\Users\Muhammad Asif\Desktop\Paint Project\Paint Project.vcxproj" (build target(s)).

Build succeeded.

Time Elapsed 00:00:03.57
